calculation.obj : error LNK2001: 无法解析的外部符号 "void __cdecl cv::hconcat(class cv::_InputArray const &,class cv::_InputArray const &,class cv::_OutputArray const &)" (?hconcat@cv@@YAXAEBV_InputArray@1@0AEBV_OutputArray@1@@Z)
calculation.obj : error LNK2001: 无法解析的外部符号 "bool __cdecl cv::solve(class cv::_InputArray const &,class cv::_InputArray const &,class cv::_OutputArray const &,int)" (?solve@cv@@YA_NAEBV_InputArray@1@0AEBV_OutputArray@1@H@Z)
main.obj : error LNK2001: 无法解析的外部符号 "void __cdecl cv::approxPolyDP(class cv::_InputArray const &,class cv::_OutputArray const &,double,bool)" (?approxPolyDP@cv@@YAXAEBV_InputArray@1@AEBV_OutputArray@1@N_N@Z)
main.obj : error LNK2001: 无法解析的外部符号 "void __cdecl cv::imshow(class cv::String const &,class cv::_InputArray const &)" (?imshow@cv@@YAXAEBVString@1@AEBV_InputArray@1@@Z)
main.obj : error LNK2001: 无法解析的外部符号 "void __cdecl cv::dilate(class cv::_InputArray const &,class cv::_OutputArray const &,class cv::_InputArray const &,class cv::Point_<int>,int,int,class cv::Scalar_<double> const &)" (?dilate@cv@@YAXAEBV_InputArray@1@AEBV_OutputArray@1@0V?$Point_@H@1@HHAEBV?$Scalar_@N@1@@Z)
main.obj : error LNK2001: 无法解析的外部符号 "void __cdecl cv::erode(class cv::_InputArray const &,class cv::_OutputArray const &,class cv::_InputArray const &,class cv::Point_<int>,int,int,class cv::Scalar_<double> const &)" (?erode@cv@@YAXAEBV_InputArray@1@AEBV_OutputArray@1@0V?$Point_@H@1@HHAEBV?$Scalar_@N@1@@Z)
main.obj : error LNK2001: 无法解析的外部符号 "public: void __cdecl cv::Mat::copyTo(class cv::_OutputArray const &)const " (?copyTo@Mat@cv@@QEBAXAEBV_OutputArray@2@@Z)
main.obj : error LNK2001: 无法解析的外部符号 "void __cdecl cv::cvtColor(class cv::_InputArray const &,class cv::_OutputArray const &,int,int)" (?cvtColor@cv@@YAXAEBV_InputArray@1@AEBV_OutputArray@1@HH@Z)
main.obj : error LNK2001: 无法解析的外部符号 "class cv::_InputOutputArray const & __cdecl cv::noArray(void)" (?noArray@cv@@YAAEBV_InputOutputArray@1@XZ)
main.obj : error LNK2001: 无法解析的外部符号 "double __cdecl cv::arcLength(class cv::_InputArray const &,bool)" (?arcLength@cv@@YANAEBV_InputArray@1@_N@Z)
main.obj : error LNK2001: 无法解析的外部符号 "void __cdecl cv::subtract(class cv::_InputArray const &,class cv::_InputArray const &,class cv::_OutputArray const &,class cv::_InputArray const &,int)" (?subtract@cv@@YAXAEBV_InputArray@1@0AEBV_OutputArray@1@0H@Z)
main.obj : error LNK2001: 无法解析的外部符号 "void __cdecl cv::rectangle(class cv::_InputOutputArray const &,class cv::Point_<int>,class cv::Point_<int>,class cv::Scalar_<double> const &,int,int,int)" (?rectangle@cv@@YAXAEBV_InputOutputArray@1@V?$Point_@H@1@1AEBV?$Scalar_@N@1@HHH@Z)
main.obj : error LNK2001: 无法解析的外部符号 "void __cdecl cv::add(class cv::_InputArray const &,class cv::_InputArray const &,class cv::_OutputArray const &,class cv::_InputArray const &,int)" (?add@cv@@YAXAEBV_InputArray@1@0AEBV_OutputArray@1@0H@Z)
main.obj : error LNK2001: 无法解析的外部符号 "void __cdecl cv::line(class cv::_InputOutputArray const &,class cv::Point_<int>,class cv::Point_<int>,class cv::Scalar_<double> const &,int,int,int)" (?line@cv@@YAXAEBV_InputOutputArray@1@V?$Point_@H@1@1AEBV?$Scalar_@N@1@HHH@Z)
main.obj : error LNK2001: 无法解析的外部符号 "double __cdecl cv::matchShapes(class cv::_InputArray const &,class cv::_InputArray const &,int,double)" (?matchShapes@cv@@YANAEBV_InputArray@1@0HN@Z)
main.obj : error LNK2001: 无法解析的外部符号 "class cv::Rect_<int> __cdecl cv::boundingRect(class cv::_InputArray const &)" (?boundingRect@cv@@YA?AV?$Rect_@H@1@AEBV_InputArray@1@@Z)
main.obj : error LNK2001: 无法解析的外部符号 "void __cdecl cv::bitwise_and(class cv::_InputArray const &,class cv::_InputArray const &,class cv::_OutputArray const &,class cv::_InputArray const &)" (?bitwise_and@cv@@YAXAEBV_InputArray@1@0AEBV_OutputArray@1@0@Z)
main.obj : error LNK2001: 无法解析的外部符号 "void __cdecl cv::Sobel(class cv::_InputArray const &,class cv::_OutputArray const &,int,int,int,int,double,double,int)" (?Sobel@cv@@YAXAEBV_InputArray@1@AEBV_OutputArray@1@HHHHNNH@Z)
main.obj : error LNK2001: 无法解析的外部符号 "void __cdecl cv::findContours(class cv::_InputOutputArray const &,class cv::_OutputArray const &,class cv::_OutputArray const &,int,int,class cv::Point_<int>)" (?findContours@cv@@YAXAEBV_InputOutputArray@1@AEBV_OutputArray@1@1HHV?$Point_@H@1@@Z)
main.obj : error LNK2001: 无法解析的外部符号 "void __cdecl cv::medianBlur(class cv::_InputArray const &,class cv::_OutputArray const &,int)" (?medianBlur@cv@@YAXAEBV_InputArray@1@AEBV_OutputArray@1@H@Z)
match.obj : error LNK2001: 无法解析的外部符号 "void __cdecl cv::drawContours(class cv::_InputOutputArray const &,class cv::_InputArray const &,int,class cv::Scalar_<double> const &,int,int,class cv::_InputArray const &,int,class cv::Point_<int>)" (?drawContours@cv@@YAXAEBV_InputOutputArray@1@AEBV_InputArray@1@HAEBV?$Scalar_@N@1@HH1HV?$Point_@H@1@@Z)
match.obj : error LNK2001: 无法解析的外部符号 "void __cdecl cv::adaptiveThreshold(class cv::_InputArray const &,class cv::_OutputArray const &,double,int,int,int,double)" (?adaptiveThreshold@cv@@YAXAEBV_InputArray@1@AEBV_OutputArray@1@NHHHN@Z)
match.obj : error LNK2001: 无法解析的外部符号 "void __cdecl cv::bitwise_not(class cv::_InputArray const &,class cv::_OutputArray const &,class cv::_InputArray const &)" (?bitwise_not@cv@@YAXAEBV_InputArray@1@AEBV_OutputArray@1@0@Z)
match.obj : error LNK2001: 无法解析的外部符号 "void __cdecl cv::findContours(class cv::_InputOutputArray const &,class cv::_OutputArray const &,int,int,class cv::Point_<int>)" (?findContours@cv@@YAXAEBV_InputOutputArray@1@AEBV_OutputArray@1@HHV?$Point_@H@1@@Z)
F:\计算机视觉\visual c++&&opencv\work_place\Project_R_M\x64\Release\Project_R_M.exe : fatal error LNK1120: 24 个无法解析的外部命令
